<?xml version="1.0" encoding="UTF-8"?>
<!-- Generated by org.testng.reporters.JUnitReportReporter -->
<testsuite skipped="1" hostname="Jaydeeps-MBP.attlocal.net" name="com.guru99.qa.testcases.AddNewCustoTest" tests="4" failures="0" timestamp="31 Jul 2018 04:17:27 GMT" time="46.213" errors="0">
  <testcase name="enterNewCustoInfo" time="15.402" classname="com.guru99.qa.testcases.AddNewCustoTest"/>
  <testcase name="enterNewCustoInfo" time="15.465" classname="com.guru99.qa.testcases.AddNewCustoTest"/>
  <testcase name="enterNewCustoInfo" time="15.346" classname="com.guru99.qa.testcases.AddNewCustoTest"/>
  <testcase name="hpTitleVisibility" classname="com.guru99.qa.testcases.AddNewCustoTest">
    <skipped/>
  </testcase> <!-- hpTitleVisibility -->
</testsuite> <!-- com.guru99.qa.testcases.AddNewCustoTest -->
