<?xml version="1.0" encoding="UTF-8"?>
<!-- Generated by org.testng.reporters.JUnitReportReporter -->
<testsuite skipped="0" hostname="Jaydeeps-MBP.attlocal.net" name="com.guru99.qa.testcases.LoginTestUsingListeners" tests="2" failures="0" timestamp="23 Jul 2018 23:46:50 GMT" time="8.888" errors="0">
  <testcase name="titleTest" time="4.207" classname="com.guru99.qa.testcases.LoginTestUsingListeners"/>
  <testcase name="loginTest" time="4.681" classname="com.guru99.qa.testcases.LoginTestUsingListeners"/>
</testsuite> <!-- com.guru99.qa.testcases.LoginTestUsingListeners -->
