<?xml version="1.0" encoding="UTF-8"?>
<!-- Generated by org.testng.reporters.JUnitReportReporter -->
<testsuite skipped="0" hostname="Jaydeeps-MacBook-Pro.local" name="com.guru99.qa.testcases.PracticeParameterzationTest" tests="3" failures="0" timestamp="31 Jul 2018 00:57:15 GMT" time="0.015" errors="0">
  <testcase name="startTest" time="0.003" classname="com.guru99.qa.testcases.PracticeParameterzationTest"/>
  <testcase name="startTest" time="0.008" classname="com.guru99.qa.testcases.PracticeParameterzationTest"/>
  <testcase name="startTest" time="0.004" classname="com.guru99.qa.testcases.PracticeParameterzationTest"/>
</testsuite> <!-- com.guru99.qa.testcases.PracticeParameterzationTest -->
