<?xml version="1.0" encoding="UTF-8"?>
<!-- Generated by org.testng.reporters.JUnitReportReporter -->
<testsuite skipped="0" hostname="Jaydeeps-MBP.attlocal.net" name="com.guru99.qa.testcases.LoginTestUsingListeners" tests="2" failures="0" timestamp="31 Jul 2018 04:17:27 GMT" time="9.046" errors="0">
  <testcase name="titleTest" time="4.916" classname="com.guru99.qa.testcases.LoginTestUsingListeners"/>
  <testcase name="loginTest" time="4.130" classname="com.guru99.qa.testcases.LoginTestUsingListeners"/>
</testsuite> <!-- com.guru99.qa.testcases.LoginTestUsingListeners -->
